<?xml version="1.0" encoding="UTF-8"?>
<!-- Generated by org.testng.reporters.JUnitReportReporter -->
<testsuite hostname="GH-2G1N542" name="com.snpm.test.TestHomePage" tests="1" failures="0" timestamp="11 Jun 2017 13:36:42 GMT" time="23.796" errors="0">
  <testcase name="enterInputs" time="23.796" classname="com.snpm.test.TestHomePage"/>
</testsuite> <!-- com.snpm.test.TestHomePage -->
